{"total": {"lines":{"total":204,"covered":201,"skipped":0,"pct":98.52},"statements":{"total":210,"covered":206,"skipped":0,"pct":98.09},"functions":{"total":42,"covered":42,"skipped":0,"pct":100},"branches":{"total":95,"covered":90,"skipped":0,"pct":94.73},"branchesTrue":{"total":0,"covered":0,"skipped":0,"pct":100}}
,"/home/runner/work/tredgate-loan/tredgate-loan/src/App.vue": {"lines":{"total":30,"covered":30,"skipped":0,"pct":100},"functions":{"total":7,"covered":7,"skipped":0,"pct":100},"statements":{"total":30,"covered":30,"skipped":0,"pct":100},"branches":{"total":2,"covered":2,"skipped":0,"pct":100}}
,"/home/runner/work/tredgate-loan/tredgate-loan/src/components/LoanForm.vue": {"lines":{"total":53,"covered":53,"skipped":0,"pct":100},"functions":{"total":7,"covered":7,"skipped":0,"pct":100},"statements":{"total":53,"covered":53,"skipped":0,"pct":100},"branches":{"total":38,"covered":38,"skipped":0,"pct":100}}
,"/home/runner/work/tredgate-loan/tredgate-loan/src/components/LoanList.vue": {"lines":{"total":38,"covered":36,"skipped":0,"pct":94.73},"functions":{"total":11,"covered":11,"skipped":0,"pct":100},"statements":{"total":42,"covered":39,"skipped":0,"pct":92.85},"branches":{"total":31,"covered":26,"skipped":0,"pct":83.87}}
,"/home/runner/work/tredgate-loan/tredgate-loan/src/components/LoanSummary.vue": {"lines":{"total":37,"covered":37,"skipped":0,"pct":100},"functions":{"total":8,"covered":8,"skipped":0,"pct":100},"statements":{"total":37,"covered":37,"skipped":0,"pct":100},"branches":{"total":10,"covered":10,"skipped":0,"pct":100}}
,"/home/runner/work/tredgate-loan/tredgate-loan/src/services/loanService.ts": {"lines":{"total":46,"covered":45,"skipped":0,"pct":97.82},"functions":{"total":9,"covered":9,"skipped":0,"pct":100},"statements":{"total":48,"covered":47,"skipped":0,"pct":97.91},"branches":{"total":14,"covered":14,"skipped":0,"pct":100}}
}
