TN:
SF:src/App.vue
FN:14,(anonymous_0)
FN:18,refreshLoans
FN:21,handleApprove
FN:25,handleReject
FN:29,handleAutoDecide
FN:33,(anonymous_5)
FN:59,render
FNF:7
FNH:7
FNDA:27,(anonymous_0)
FNDA:32,refreshLoans
FNDA:1,handleApprove
FNDA:1,handleReject
FNDA:1,handleAutoDecide
FNDA:27,(anonymous_5)
FNDA:54,render
DA:3,1
DA:6,1
DA:7,1
DA:8,1
DA:9,1
DA:10,1
DA:11,1
DA:12,1
DA:15,27
DA:16,27
DA:17,27
DA:19,32
DA:22,1
DA:23,1
DA:26,1
DA:27,1
DA:30,1
DA:31,1
DA:33,27
DA:34,27
DA:36,27
DA:46,27
DA:50,27
DA:54,1
DA:55,1
DA:56,1
DA:57,1
DA:58,1
DA:60,54
DA:82,1
LF:30
LH:30
BRDA:61,0,0,54
BRDA:61,0,1,27
BRF:2
BRH:2
end_of_record
TN:
SF:src/components/LoanForm.vue
FN:12,(anonymous_0)
FN:22,handleSubmit
FN:88,render
FN:98,(anonymous_3)
FN:110,(anonymous_4)
FN:129,(anonymous_5)
FN:148,(anonymous_6)
FNF:7
FNH:7
FNDA:45,(anonymous_0)
FNDA:17,handleSubmit
FNDA:122,render
FNDA:16,(anonymous_3)
FNDA:15,(anonymous_4)
FNDA:15,(anonymous_5)
FNDA:15,(anonymous_6)
DA:3,2
DA:6,2
DA:7,2
DA:8,2
DA:9,2
DA:13,45
DA:14,45
DA:15,45
DA:16,45
DA:17,45
DA:18,45
DA:19,45
DA:20,45
DA:21,45
DA:23,17
DA:25,17
DA:26,2
DA:27,2
DA:29,15
DA:30,3
DA:31,3
DA:33,12
DA:34,3
DA:35,3
DA:37,9
DA:38,2
DA:39,2
DA:41,7
DA:42,7
DA:49,5
DA:50,5
DA:51,5
DA:52,5
DA:54,5
DA:56,2
DA:59,45
DA:68,45
DA:72,45
DA:76,2
DA:77,2
DA:78,2
DA:79,2
DA:80,2
DA:81,2
DA:82,2
DA:83,2
DA:84,2
DA:89,122
DA:98,16
DA:110,15
DA:129,15
DA:148,15
DA:174,2
LF:53
LH:53
BRDA:25,0,0,2
BRDA:25,0,1,15
BRDA:29,1,0,3
BRDA:29,1,1,12
BRDA:29,2,0,15
BRDA:29,2,1,13
BRDA:33,3,0,3
BRDA:33,3,1,9
BRDA:33,4,0,12
BRDA:33,4,1,10
BRDA:37,5,0,2
BRDA:37,5,1,7
BRDA:37,6,0,9
BRDA:37,6,1,8
BRDA:56,7,0,1
BRDA:56,7,1,1
BRDA:90,8,0,122
BRDA:90,8,1,45
BRDA:95,9,0,122
BRDA:95,9,1,45
BRDA:98,10,0,122
BRDA:98,10,1,45
BRDA:107,11,0,122
BRDA:107,11,1,45
BRDA:110,12,0,122
BRDA:110,12,1,45
BRDA:126,13,0,122
BRDA:126,13,1,45
BRDA:129,14,0,122
BRDA:129,14,1,45
BRDA:145,15,0,122
BRDA:145,15,1,45
BRDA:148,16,0,122
BRDA:148,16,1,45
BRDA:164,17,0,16
BRDA:164,17,1,106
BRDA:167,18,0,122
BRDA:167,18,1,45
BRF:38
BRH:38
end_of_record
TN:
SF:src/components/LoanList.vue
FN:17,(anonymous_0)
FN:22,formatCurrency
FN:30,formatPercent
FN:33,formatDate
FN:45,(anonymous_4)
FN:57,(anonymous_5)
FN:86,render
FN:108,(anonymous_7)
FN:128,(anonymous_8)
FN:136,(anonymous_9)
FN:144,(anonymous_10)
FNF:11
FNH:11
FNDA:63,(anonymous_0)
FNDA:82,formatCurrency
FNDA:41,formatPercent
FNDA:41,formatDate
FNDA:41,(anonymous_4)
FNDA:67,(anonymous_5)
FNDA:90,render
FNDA:41,(anonymous_7)
FNDA:1,(anonymous_8)
FNDA:1,(anonymous_9)
FNDA:1,(anonymous_10)
DA:3,2
DA:6,2
DA:7,2
DA:8,2
DA:18,63
DA:19,63
DA:20,63
DA:21,63
DA:23,82
DA:31,41
DA:34,41
DA:40,63
DA:46,41
DA:49,63
DA:53,63
DA:57,2
DA:58,67
DA:59,67
DA:60,0
DA:61,0
DA:64,67
DA:66,2
DA:67,2
DA:68,2
DA:69,2
DA:70,2
DA:74,2
DA:78,2
DA:79,2
DA:80,2
DA:81,2
DA:82,2
DA:87,90
DA:109,41
DA:128,1
DA:136,1
DA:144,1
DA:159,2
LF:38
LH:36
BRDA:57,0,0,2
BRDA:57,0,1,2
BRDA:57,0,2,2
BRDA:58,1,0,67
BRDA:58,1,1,0
BRDA:58,2,0,67
BRDA:58,2,1,0
BRDA:59,3,0,0
BRDA:59,3,1,67
BRDA:59,4,0,67
BRDA:59,4,1,67
BRDA:60,5,0,0
BRDA:60,5,1,0
BRDA:64,6,0,67
BRDA:64,6,1,67
BRDA:88,7,0,90
BRDA:88,7,1,63
BRDA:89,8,0,67
BRDA:89,8,1,23
BRDA:90,9,0,67
BRDA:90,9,1,46
BRDA:95,10,0,23
BRDA:95,10,1,23
BRDA:124,11,0,19
BRDA:124,11,1,22
BRDA:132,12,0,19
BRDA:132,12,1,22
BRDA:140,13,0,19
BRDA:140,13,1,22
BRDA:148,14,0,22
BRDA:148,14,1,19
BRF:31
BRH:26
end_of_record
TN:
SF:src/components/LoanSummary.vue
FN:16,(anonymous_0)
FN:20,(anonymous_1)
FN:21,(anonymous_2)
FN:24,(anonymous_3)
FN:27,(anonymous_4)
FN:30,(anonymous_5)
FN:41,formatCurrency
FN:76,render
FNF:8
FNH:8
FNDA:60,(anonymous_0)
FNDA:88,(anonymous_1)
FNDA:54,(anonymous_2)
FNDA:54,(anonymous_3)
FNDA:54,(anonymous_4)
FNDA:25,(anonymous_5)
FNDA:88,formatCurrency
FNDA:88,render
DA:3,2
DA:6,2
DA:7,2
DA:8,2
DA:17,60
DA:18,60
DA:19,60
DA:20,60
DA:21,88
DA:22,54
DA:24,88
DA:25,54
DA:27,88
DA:28,54
DA:30,88
DA:31,25
DA:33,88
DA:42,88
DA:49,60
DA:54,60
DA:58,60
DA:62,2
DA:63,2
DA:64,2
DA:65,2
DA:66,2
DA:67,2
DA:68,2
DA:69,2
DA:70,2
DA:71,2
DA:72,2
DA:73,2
DA:74,2
DA:75,2
DA:77,88
DA:100,2
LF:37
LH:37
BRDA:80,0,0,88
BRDA:80,0,1,60
BRDA:84,1,0,88
BRDA:84,1,1,60
BRDA:88,2,0,88
BRDA:88,2,1,60
BRDA:92,3,0,88
BRDA:92,3,1,60
BRDA:96,4,0,88
BRDA:96,4,1,60
BRF:10
BRH:10
end_of_record
TN:
SF:src/services/loanService.ts
FN:8,generateId
FN:16,getLoans
FN:31,saveLoans
FN:39,createLoanApplication
FN:74,updateLoanStatus
FN:76,(anonymous_5)
FN:93,calculateMonthlyPayment
FN:103,autoDecideLoan
FN:105,(anonymous_8)
FNF:9
FNH:9
FNDA:1,generateId
FNDA:17,getLoans
FNDA:14,saveLoans
FNDA:5,createLoanApplication
FNDA:2,updateLoanStatus
FNDA:1,(anonymous_5)
FNDA:32,calculateMonthlyPayment
FNDA:6,autoDecideLoan
FNDA:5,(anonymous_8)
DA:3,2
DA:9,1
DA:16,2
DA:17,17
DA:18,17
DA:19,17
DA:20,4
DA:22,13
DA:24,0
DA:31,2
DA:32,14
DA:39,2
DA:41,5
DA:42,1
DA:44,4
DA:45,1
DA:47,3
DA:48,1
DA:50,2
DA:51,1
DA:54,1
DA:64,1
DA:65,1
DA:66,1
DA:68,1
DA:74,2
DA:75,2
DA:76,2
DA:78,2
DA:79,1
DA:82,1
DA:83,1
DA:84,1
DA:86,1
DA:93,2
DA:94,32
DA:95,32
DA:103,2
DA:104,6
DA:105,6
DA:107,6
DA:108,1
DA:111,5
DA:112,2
DA:114,3
DA:117,5
LF:46
LH:45
BRDA:19,0,0,4
BRDA:41,1,0,1
BRDA:41,2,0,5
BRDA:41,2,1,4
BRDA:44,3,0,1
BRDA:47,4,0,1
BRDA:50,5,0,1
BRDA:78,6,0,1
BRDA:83,7,0,1
BRDA:107,8,0,1
BRDA:111,9,0,2
BRDA:111,9,1,3
BRDA:111,10,0,5
BRDA:111,10,1,3
BRF:14
BRH:14
end_of_record
